18	6.000000	Loose_Silky-bent/0012f11c4.png
19	6.000000	Loose_Silky-bent/00442de98.png
15	5.000000	Fat_Hen/00268e97d.png
27	9.000000	Shepherds_Purse/006a4d00d.png
20	6.000000	Loose_Silky-bent/006eac3d9.png
5	1.000000	Charlock/04098447d.png
21	7.000000	Maize/006196e1c.png
33	11.000000	Sugar_beet/0026b7a30.png
22	7.000000	Maize/0086c28b2.png
30	10.000000	Small-flowered_Cranesbill/003402ea0.png
12	4.000000	Common_wheat/012db0f43.png
28	9.000000	Shepherds_Purse/00dd0d16a.png
35	11.000000	Sugar_beet/008753052.png
7	2.000000	Cleavers/00aa8d5a4.png
10	3.000000	Common_Chickweed/00ba5f88a.png
6	2.000000	Cleavers/005b4a3e3.png
1	0.000000	Black-grass/0183fdf68.png
8	2.000000	Cleavers/00df90ed6.png
14	4.000000	Common_wheat/0382d0faf.png
2	0.000000	Black-grass/0260cffa8.png
26	8.000000	Scentless_Mayweed/01e90ef62.png
17	5.000000	Fat_Hen/009004da3.png
3	1.000000	Charlock/022179d65.png
31	10.000000	Small-flowered_Cranesbill/00cc58829.png
16	5.000000	Fat_Hen/008f1b92d.png
